<?xml version="1.0" encoding="UTF-8"?>
<!-- Generated by org.testng.reporters.JUnitReportReporter -->
<testsuite hostname="PRINCEs-MacBook-Pro.local" failures="0" tests="5" name="tests.WebTablePageTest" time="8.652" errors="0" timestamp="2025-08-13T14:44:26 IST" skipped="0">
  <testcase classname="tests.WebTablePageTest" name="clickOnclose" time="0.978"/>
  <testcase classname="tests.WebTablePageTest" name="clickonpractice" time="3.447"/>
  <testcase classname="tests.WebTablePageTest" name="clickonelement" time="0.489"/>
  <testcase classname="tests.WebTablePageTest" name="webtable" time="1.126"/>
  <testcase classname="tests.WebTablePageTest" name="formsubmit" time="2.612"/>
</testsuite> <!-- tests.WebTablePageTest -->
