<?xml version="1.0" encoding="UTF-8"?>
<!-- Generated by org.testng.reporters.JUnitReportReporter -->
<testsuite hostname="PRINCEs-MBP.lan" failures="0" tests="7" name="tests.ButtonPageTest" time="5.884" errors="0" timestamp="2025-08-14T21:42:01 IST" skipped="0">
  <testcase classname="tests.ButtonPageTest" name="clickOnclose" time="1.045"/>
  <testcase classname="tests.ButtonPageTest" name="clickonpractice" time="3.117"/>
  <testcase classname="tests.ButtonPageTest" name="clickonelement" time="0.512"/>
  <testcase classname="tests.ButtonPageTest" name="clickonbutton" time="0.626"/>
  <testcase classname="tests.ButtonPageTest" name="clickondoubleclick" time="0.202"/>
  <testcase classname="tests.ButtonPageTest" name="rightclick" time="0.381"/>
  <testcase classname="tests.ButtonPageTest" name="singleclick" time="0.001"/>
</testsuite> <!-- tests.ButtonPageTest -->
