<?xml version="1.0" encoding="UTF-8"?>
<!-- Generated by org.testng.reporters.JUnitReportReporter -->
<testsuite hostname="PRINCEs-MacBook-Pro.local" failures="0" tests="5" name="tests.LoginTest" time="5.964" errors="0" timestamp="2025-08-13T15:24:01 IST" skipped="0">
  <testcase classname="tests.LoginTest" name="clickOnclose" time="1.100"/>
  <testcase classname="tests.LoginTest" name="getTitle" time="0.013"/>
  <testcase classname="tests.LoginTest" name="clickonpractice" time="3.735"/>
  <testcase classname="tests.LoginTest" name="clickonelement" time="0.535"/>
  <testcase classname="tests.LoginTest" name="clickonText" time="0.581"/>
</testsuite> <!-- tests.LoginTest -->
