<?xml version="1.0" encoding="UTF-8"?>
<!-- Generated by org.testng.reporters.JUnitReportReporter -->
<testsuite hostname="PRINCEs-MacBook-Pro.local" failures="0" tests="6" name="tests.UploadPageTest" time="9.087" errors="0" timestamp="2025-08-21T13:03:51 IST" skipped="0">
  <testcase classname="tests.UploadPageTest" name="clickOnclose" time="0.972"/>
  <testcase classname="tests.UploadPageTest" name="clickonpractice" time="3.295"/>
  <testcase classname="tests.UploadPageTest" name="clickonelement" time="0.541"/>
  <testcase classname="tests.UploadPageTest" name="clickonuploadbuttn" time="2.494"/>
  <testcase classname="tests.UploadPageTest" name="clickonchoose" time="0.915"/>
  <testcase classname="tests.UploadPageTest" name="uploadfile" time="0.870"/>
</testsuite> <!-- tests.UploadPageTest -->
