<?xml version="1.0" encoding="UTF-8"?>
<!-- Generated by org.testng.reporters.JUnitReportReporter -->
<testsuite hostname="PRINCEs-MBP.lan" failures="0" tests="5" name="tests.CheckboxTest" time="8.089" errors="0" timestamp="2025-08-11T14:51:38 IST" skipped="0">
  <testcase classname="tests.CheckboxTest" name="clickonclose" time="1.047"/>
  <testcase classname="tests.CheckboxTest" name="clickonpractice" time="3.508"/>
  <testcase classname="tests.CheckboxTest" name="clickonelement" time="0.484"/>
  <testcase classname="tests.CheckboxTest" name="clickoncheckbox" time="0.569"/>
  <testcase classname="tests.CheckboxTest" name="clickonmobile" time="2.481"/>
</testsuite> <!-- tests.CheckboxTest -->
